Using pre-set license
Built from '2020.3/staging' branch; Version is '2020.3.20f1 (41c4e627c95f) revision 4310246'; Using compiler version '192528614'; Build Type 'Release'
OS: 'Windows 10 Home; OS build 19043.1415; Version 2009; 64bit' Language: 'en' Physical Memory: 16317 MB
BatchMode: 1, IsHumanControllingUs: 0, StartBugReporterOnCrash: 0, Is64bit: 1, IsPro: 0

COMMAND LINE ARGUMENTS:
C:\Program Files\Unity\Hub\Editor\2020.3.20f1\Editor\Unity.exe
-adb2
-batchMode
-noUpm
-name
AssetImportWorker0
-projectPath
D:/Projects/AyeaRPG
-logFile
Logs/AssetImportWorker0.log
-srvPort
57443
Successfully changed project path to: D:/Projects/AyeaRPG
D:/Projects/AyeaRPG
Using Asset Import Pipeline V2.
Refreshing native plugins compatible for Editor in 40.27 ms, found 3 plugins.
Preloading 0 native plugins for Editor in 0.00 ms.
Initialize engine version: 2020.3.20f1 (41c4e627c95f)
[Subsystems] Discovering subsystems at path C:/Program Files/Unity/Hub/Editor/2020.3.20f1/Editor/Data/Resources/UnitySubsystems
[Subsystems] Discovering subsystems at path D:/Projects/AyeaRPG/Assets
GfxDevice: creating device client; threaded=0
Direct3D:
    Version:  Direct3D 11.0 [level 11.1]
    Renderer: NVIDIA GeForce GTX 1060 6GB (ID=0x1c03)
    Vendor:   
    VRAM:     6052 MB
    Driver:   27.21.14.6089
Initialize mono
Mono path[0] = 'C:/Program Files/Unity/Hub/Editor/2020.3.20f1/Editor/Data/Managed'
Mono path[1] = 'C:/Program Files/Unity/Hub/Editor/2020.3.20f1/Editor/Data/MonoBleedingEdge/lib/mono/unityjit'
Mono config path = 'C:/Program Files/Unity/Hub/Editor/2020.3.20f1/Editor/Data/MonoBleedingEdge/etc'
Using monoOptions --debugger-agent=transport=dt_socket,embedding=1,server=y,suspend=n,address=127.0.0.1:56352
Begin MonoManager ReloadAssembly
Registering precompiled unity dll's ...
Register platform support module: C:/Program Files/Unity/Hub/Editor/2020.3.20f1/Editor/Data/PlaybackEngines/WindowsStandaloneSupport/UnityEditor.WindowsStandalone.Extensions.dll
Registered in 0.001625 seconds.
Native extension for WindowsStandalone target not found
Refreshing native plugins compatible for Editor in 39.24 ms, found 3 plugins.
Preloading 0 native plugins for Editor in 0.00 ms.
Mono: successfully reloaded assembly
- Completed reload, in  0.976 seconds
Domain Reload Profiling:
	ReloadAssembly (976ms)
		BeginReloadAssembly (54ms)
			ExecutionOrderSort (0ms)
			DisableScriptedObjects (0ms)
			BackupInstance (0ms)
			ReleaseScriptingObjects (0ms)
			CreateAndSetChildDomain (1ms)
		EndReloadAssembly (396ms)
			LoadAssemblies (52ms)
			RebuildTransferFunctionScriptingTraits (0ms)
			SetupTypeCache (141ms)
			ReleaseScriptCaches (0ms)
			RebuildScriptCaches (28ms)
			SetupLoadedEditorAssemblies (158ms)
				LogAssemblyErrors (0ms)
				InitializePlatformSupportModulesInManaged (3ms)
				SetLoadedEditorAssemblies (0ms)
				RefreshPlugins (39ms)
				BeforeProcessingInitializeOnLoad (16ms)
				ProcessInitializeOnLoadAttributes (73ms)
				ProcessInitializeOnLoadMethodAttributes (26ms)
				AfterProcessingInitializeOnLoad (0ms)
				EditorAssembliesLoaded (0ms)
			ExecutionOrderSort2 (0ms)
			AwakeInstancesAfterBackupRestoration (0ms)
Platform modules already initialized, skipping
Registering precompiled user dll's ...
Registered in 0.002420 seconds.
Begin MonoManager ReloadAssembly
Native extension for WindowsStandalone target not found
Refreshing native plugins compatible for Editor in 39.09 ms, found 3 plugins.
Preloading 0 native plugins for Editor in 0.00 ms.
Mono: successfully reloaded assembly
- Completed reload, in  1.043 seconds
Domain Reload Profiling:
	ReloadAssembly (1044ms)
		BeginReloadAssembly (132ms)
			ExecutionOrderSort (0ms)
			DisableScriptedObjects (4ms)
			BackupInstance (0ms)
			ReleaseScriptingObjects (0ms)
			CreateAndSetChildDomain (17ms)
		EndReloadAssembly (856ms)
			LoadAssemblies (80ms)
			RebuildTransferFunctionScriptingTraits (0ms)
			SetupTypeCache (288ms)
			ReleaseScriptCaches (0ms)
			RebuildScriptCaches (45ms)
			SetupLoadedEditorAssemblies (320ms)
				LogAssemblyErrors (0ms)
				InitializePlatformSupportModulesInManaged (3ms)
				SetLoadedEditorAssemblies (0ms)
				RefreshPlugins (39ms)
				BeforeProcessingInitializeOnLoad (70ms)
				ProcessInitializeOnLoadAttributes (190ms)
				ProcessInitializeOnLoadMethodAttributes (12ms)
				AfterProcessingInitializeOnLoad (5ms)
				EditorAssembliesLoaded (0ms)
			ExecutionOrderSort2 (0ms)
			AwakeInstancesAfterBackupRestoration (6ms)
Platform modules already initialized, skipping
========================================================================
Worker process is ready to serve import requests
Launched and connected shader compiler UnityShaderCompiler.exe after 0.06 seconds
Refreshing native plugins compatible for Editor in 0.42 ms, found 3 plugins.
Preloading 0 native plugins for Editor in 0.00 ms.
Unloading 2116 Unused Serialized files (Serialized files now loaded: 0)
System memory in use before: 93.8 MB.
System memory in use after: 93.9 MB.

Unloading 26 unused Assets to reduce memory usage. Loaded Objects now: 2557.
Total: 3.307200 ms (FindLiveObjects: 0.177400 ms CreateObjectMapping: 0.076300 ms MarkObjects: 2.985100 ms  DeleteObjects: 0.067300 ms)

AssetImportParameters requested are different than current active one (requested -> active):
  custom:framework-win-MediaFoundation: 216162199b28c13a410421893ffa2e32 -> 
  custom:video-decoder-ogg-theora: a1e56fd34408186e4bbccfd4996cb3dc -> 
  custom:container-muxer-webm: aa71ff27fc2769a1b78a27578f13a17b -> 
  custom:container-demuxer-webm: 4f35f7cbe854078d1ac9338744f61a02 -> 
  custom:container-demuxer-ogg: 62fdf1f143b41e24485cea50d1cbac27 -> 
  custom:video-encoder-webm-vp8: eb34c28f22e8b96e1ab97ce403110664 -> 
  custom:video-decoder-webm-vp8: 9c59270c3fd7afecdb556c50c9e8de78 -> 
  custom:audio-decoder-ogg-vorbis: bf7c407c2cedff20999df2af8eb42d56 -> 
  custom:audio-encoder-webm-vorbis: bf7c407c2cedff20999df2af8eb42d56 -> 
========================================================================
Received Import Request.
  path: Assets/Scripts/Input Actions/Attack.cs
  artifactKey: Guid(672e34f3213d1d1469365f39edcd1a9a) Importer(815301076,1909f56bfc062723c751e8b465ee728b)
Start importing Assets/Scripts/Input Actions/Attack.cs using Guid(672e34f3213d1d1469365f39edcd1a9a) Importer(815301076,1909f56bfc062723c751e8b465ee728b)  -> (artifact id: '8358243dcffc32e27e6a344f233aeb75') in 0.037649 seconds 
  Import took 0.055186 seconds .

========================================================================
Received Import Request.
  Time since last request: 4408.056934 seconds.
  path: Assets/Scripts/Input Actions/Attack.cs
  artifactKey: Guid(672e34f3213d1d1469365f39edcd1a9a) Importer(815301076,1909f56bfc062723c751e8b465ee728b)
Start importing Assets/Scripts/Input Actions/Attack.cs using Guid(672e34f3213d1d1469365f39edcd1a9a) Importer(815301076,1909f56bfc062723c751e8b465ee728b)  -> (artifact id: 'd8f9bbb5c07d50322217df1a2d7fe43d') in 0.007361 seconds 
  Import took 0.021229 seconds .

========================================================================
Received Import Request.
  Time since last request: 19.415211 seconds.
  path: Assets/Scripts/Input Actions/Examine.cs
  artifactKey: Guid(6473f38a6f00b424688f62246ea604e0) Importer(815301076,1909f56bfc062723c751e8b465ee728b)
Start importing Assets/Scripts/Input Actions/Examine.cs using Guid(6473f38a6f00b424688f62246ea604e0) Importer(815301076,1909f56bfc062723c751e8b465ee728b)  -> (artifact id: 'f8ac8c56011ad5bd84499ca272a06170') in 0.007809 seconds 
  Import took 0.011122 seconds .

========================================================================
Received Import Request.
  Time since last request: 5.387067 seconds.
  path: Assets/Scripts/Input Actions/Go.cs
  artifactKey: Guid(bc77a1d8d1484d645aae61aff911c40f) Importer(815301076,1909f56bfc062723c751e8b465ee728b)
Start importing Assets/Scripts/Input Actions/Go.cs using Guid(bc77a1d8d1484d645aae61aff911c40f) Importer(815301076,1909f56bfc062723c751e8b465ee728b)  -> (artifact id: 'f53df09424f569c27e2b377185886ae3') in 0.003258 seconds 
  Import took 0.006354 seconds .

========================================================================
Received Prepare
Registering precompiled user dll's ...
Registered in 0.002926 seconds.
Begin MonoManager ReloadAssembly
Native extension for WindowsStandalone target not found
Refreshing native plugins compatible for Editor in 0.43 ms, found 3 plugins.
Preloading 0 native plugins for Editor in 0.00 ms.
Mono: successfully reloaded assembly
- Completed reload, in  1.034 seconds
Domain Reload Profiling:
	ReloadAssembly (1035ms)
		BeginReloadAssembly (141ms)
			ExecutionOrderSort (0ms)
			DisableScriptedObjects (7ms)
			BackupInstance (0ms)
			ReleaseScriptingObjects (0ms)
			CreateAndSetChildDomain (60ms)
		EndReloadAssembly (826ms)
			LoadAssemblies (93ms)
			RebuildTransferFunctionScriptingTraits (0ms)
			SetupTypeCache (306ms)
			ReleaseScriptCaches (1ms)
			RebuildScriptCaches (40ms)
			SetupLoadedEditorAssemblies (293ms)
				LogAssemblyErrors (0ms)
				InitializePlatformSupportModulesInManaged (4ms)
				SetLoadedEditorAssemblies (1ms)
				RefreshPlugins (0ms)
				BeforeProcessingInitializeOnLoad (75ms)
				ProcessInitializeOnLoadAttributes (201ms)
				ProcessInitializeOnLoadMethodAttributes (5ms)
				AfterProcessingInitializeOnLoad (6ms)
				EditorAssembliesLoaded (0ms)
			ExecutionOrderSort2 (0ms)
			AwakeInstancesAfterBackupRestoration (10ms)
Platform modules already initialized, skipping
Refreshing native plugins compatible for Editor in 0.44 ms, found 3 plugins.
Preloading 0 native plugins for Editor in 0.00 ms.
Unloading 2106 Unused Serialized files (Serialized files now loaded: 0)
System memory in use before: 93.3 MB.
System memory in use after: 93.4 MB.

Unloading 14 unused Assets to reduce memory usage. Loaded Objects now: 2560.
Total: 2.929000 ms (FindLiveObjects: 0.171900 ms CreateObjectMapping: 0.076700 ms MarkObjects: 2.658400 ms  DeleteObjects: 0.020800 ms)

AssetImportParameters requested are different than current active one (requested -> active):
  custom:framework-win-MediaFoundation: 216162199b28c13a410421893ffa2e32 -> 
  custom:video-decoder-ogg-theora: a1e56fd34408186e4bbccfd4996cb3dc -> 
  custom:container-muxer-webm: aa71ff27fc2769a1b78a27578f13a17b -> 
  custom:container-demuxer-webm: 4f35f7cbe854078d1ac9338744f61a02 -> 
  custom:container-demuxer-ogg: 62fdf1f143b41e24485cea50d1cbac27 -> 
  custom:video-encoder-webm-vp8: eb34c28f22e8b96e1ab97ce403110664 -> 
  custom:video-decoder-webm-vp8: 9c59270c3fd7afecdb556c50c9e8de78 -> 
  custom:audio-decoder-ogg-vorbis: bf7c407c2cedff20999df2af8eb42d56 -> 
  custom:audio-encoder-webm-vorbis: bf7c407c2cedff20999df2af8eb42d56 -> 
========================================================================
Received Import Request.
  Time since last request: 171.547519 seconds.
  path: Assets/Scripts/Input Actions/Go.cs
  artifactKey: Guid(bc77a1d8d1484d645aae61aff911c40f) Importer(815301076,1909f56bfc062723c751e8b465ee728b)
Start importing Assets/Scripts/Input Actions/Go.cs using Guid(bc77a1d8d1484d645aae61aff911c40f) Importer(815301076,1909f56bfc062723c751e8b465ee728b)  -> (artifact id: 'fa36313d2cf4a1a60a5f3fd1a7fec25d') in 0.003733 seconds 
  Import took 0.851583 seconds .

========================================================================
Received Import Request.
  Time since last request: 1.722092 seconds.
  path: Assets/Scripts/TextInput.cs
  artifactKey: Guid(a218bbc940e5d7343b1ab3c1c66b1687) Importer(815301076,1909f56bfc062723c751e8b465ee728b)
Start importing Assets/Scripts/TextInput.cs using Guid(a218bbc940e5d7343b1ab3c1c66b1687) Importer(815301076,1909f56bfc062723c751e8b465ee728b)  -> (artifact id: '2f793d94a38212a9007a89338203c9ed') in 0.006200 seconds 
  Import took 0.009188 seconds .

========================================================================
Received Import Request.
  Time since last request: 1.888990 seconds.
  path: Assets/Scripts/RoomNavigation.cs
  artifactKey: Guid(b73ca70b993f15b489605df168e42eb3) Importer(815301076,1909f56bfc062723c751e8b465ee728b)
Start importing Assets/Scripts/RoomNavigation.cs using Guid(b73ca70b993f15b489605df168e42eb3) Importer(815301076,1909f56bfc062723c751e8b465ee728b)  -> (artifact id: '686071a2874ee39530911f3d1bab5f2d') in 0.001403 seconds 
  Import took 0.004494 seconds .

========================================================================
Received Import Request.
  Time since last request: 1.522922 seconds.
  path: Assets/Scripts/Room.cs
  artifactKey: Guid(461877d50bdabf6499a44b4a223621d2) Importer(815301076,1909f56bfc062723c751e8b465ee728b)
Start importing Assets/Scripts/Room.cs using Guid(461877d50bdabf6499a44b4a223621d2) Importer(815301076,1909f56bfc062723c751e8b465ee728b)  -> (artifact id: '93ab4554c1071fa1c2b130627953b9fb') in 0.013263 seconds 
  Import took 0.025297 seconds .

========================================================================
Received Import Request.
  Time since last request: 0.830420 seconds.
  path: Assets/Scripts/PlayerStats.cs
  artifactKey: Guid(8361d4c8b4586fb40b82c2427ba0247a) Importer(815301076,1909f56bfc062723c751e8b465ee728b)
Start importing Assets/Scripts/PlayerStats.cs using Guid(8361d4c8b4586fb40b82c2427ba0247a) Importer(815301076,1909f56bfc062723c751e8b465ee728b)  -> (artifact id: '2ee4e31e4fac90146508f42d017da76d') in 0.007309 seconds 
  Import took 0.010352 seconds .

========================================================================
Received Import Request.
  Time since last request: 0.674971 seconds.
  path: Assets/Scripts/Interaction.cs
  artifactKey: Guid(f3262536d2706dd4fb28367ed654a8d3) Importer(815301076,1909f56bfc062723c751e8b465ee728b)
Start importing Assets/Scripts/Interaction.cs using Guid(f3262536d2706dd4fb28367ed654a8d3) Importer(815301076,1909f56bfc062723c751e8b465ee728b)  -> (artifact id: '6f780f5071f2ab03098292a733b8ca46') in 0.008600 seconds 
  Import took 0.011488 seconds .

========================================================================
Received Import Request.
  Time since last request: 0.917727 seconds.
  path: Assets/Scripts/InteractableObject.cs
  artifactKey: Guid(71659708ed0b14240b69fb42527ff3b5) Importer(815301076,1909f56bfc062723c751e8b465ee728b)
Start importing Assets/Scripts/InteractableObject.cs using Guid(71659708ed0b14240b69fb42527ff3b5) Importer(815301076,1909f56bfc062723c751e8b465ee728b)  -> (artifact id: '8c05b7f3ddfa14f0783dc2f681bc97bc') in 0.001757 seconds 
  Import took 0.005090 seconds .

========================================================================
Received Import Request.
  Time since last request: 0.521565 seconds.
  path: Assets/Scripts/InteractableItems.cs
  artifactKey: Guid(79b5812247ffd9d4eb480ce566105f3c) Importer(815301076,1909f56bfc062723c751e8b465ee728b)
Start importing Assets/Scripts/InteractableItems.cs using Guid(79b5812247ffd9d4eb480ce566105f3c) Importer(815301076,1909f56bfc062723c751e8b465ee728b)  -> (artifact id: '1edd94e56e9ed9d8addb51d6aa1bec31') in 0.005324 seconds 
  Import took 0.008502 seconds .

========================================================================
Received Import Request.
  Time since last request: 0.567296 seconds.
  path: Assets/Scripts/InputAction.cs
  artifactKey: Guid(54bc796a14ec6654092bf1211a9a9fd0) Importer(815301076,1909f56bfc062723c751e8b465ee728b)
Start importing Assets/Scripts/InputAction.cs using Guid(54bc796a14ec6654092bf1211a9a9fd0) Importer(815301076,1909f56bfc062723c751e8b465ee728b)  -> (artifact id: '68369c0716b2bea27f832b9852792ab0') in 0.005272 seconds 
  Import took 0.008421 seconds .

========================================================================
Received Import Request.
  Time since last request: 0.440553 seconds.
  path: Assets/Scripts/GameStateController.cs
  artifactKey: Guid(df63b5bc13cbb674a80488402ca6d5e2) Importer(815301076,1909f56bfc062723c751e8b465ee728b)
Start importing Assets/Scripts/GameStateController.cs using Guid(df63b5bc13cbb674a80488402ca6d5e2) Importer(815301076,1909f56bfc062723c751e8b465ee728b)  -> (artifact id: '622e5a0e4584630bab19472db2718c7b') in 0.006182 seconds 
  Import took 0.011430 seconds .

========================================================================
Received Import Request.
  Time since last request: 0.382251 seconds.
  path: Assets/Scripts/GameController.cs
  artifactKey: Guid(32ba0704987333c47bbb4a60f4db95cb) Importer(815301076,1909f56bfc062723c751e8b465ee728b)
Start importing Assets/Scripts/GameController.cs using Guid(32ba0704987333c47bbb4a60f4db95cb) Importer(815301076,1909f56bfc062723c751e8b465ee728b)  -> (artifact id: '48f16d2016f7455c3e31c8dbc6221105') in 0.010375 seconds 
  Import took 0.013754 seconds .

========================================================================
Received Import Request.
  Time since last request: 1.536066 seconds.
  path: Assets/Scripts/Exit.cs
  artifactKey: Guid(c0f7ecb0796e12841984607963ca77f7) Importer(815301076,1909f56bfc062723c751e8b465ee728b)
Start importing Assets/Scripts/Exit.cs using Guid(c0f7ecb0796e12841984607963ca77f7) Importer(815301076,1909f56bfc062723c751e8b465ee728b)  -> (artifact id: '20aba520c946bcb343d7bcfc50c30602') in 0.003432 seconds 
  Import took 0.009143 seconds .

AssetImportWorkerClient::OnTransportError - code=2 error=End of file
